============================================================
🏰 Knightfall Chess - Starting Server...
============================================================
🔧 Activating virtual environment...
📦 Checking Python dependencies...
✅ Flask installed

🔨 Compiling Leo smart contracts...
✅ Leo program compiled successfully

============================================================
🚀 Starting Knightfall Chess Server...
============================================================

Server will start on: http://localhost:5000

To play multiplayer:
  1. Open http://localhost:5000 in two browser tabs
  2. Enter usernames in each tab
  3. Click 'Find Game' in both tabs
  4. Start playing!

Press Ctrl+C to stop the server
============================================================

[Leo CLI] Leo version: leo 3.3.1
============================================================
🏰 Knightfall Chess Server Starting... [DEBUG MODE]
============================================================
Server running on http://localhost:5000
Open in browser to play!
DEBUG: Enhanced logging enabled for move validation
============================================================
Werkzeug appears to be used in a production deployment. Consider switching to a production web server instead.
 * Serving Flask app 'server'
 * Debug mode: on
[31m[1mWARNING: This is a development server. Do not use it in a production deployment. Use a production WSGI server instead.[0m
 * Running on all addresses (0.0.0.0)
 * Running on http://127.0.0.1:5000
 * Running on http://10.0.0.140:5000
[33mPress CTRL+C to quit[0m
 * Restarting with stat
[Leo CLI] Leo version: leo 3.3.1
============================================================
🏰 Knightfall Chess Server Starting... [DEBUG MODE]
============================================================
Server running on http://localhost:5000
Open in browser to play!
DEBUG: Enhanced logging enabled for move validation
============================================================
Werkzeug appears to be used in a production deployment. Consider switching to a production web server instead.
 * Debugger is active!
 * Debugger PIN: 231-554-204
127.0.0.1 - - [05/Nov/2025 18:03:24] "GET /socket.io/?EIO=4&transport=polling&t=PfMi8P7 HTTP/1.1" 200 -
127.0.0.1 - - [05/Nov/2025 18:03:24] "GET /socket.io/?EIO=4&transport=polling&t=PfMi8P4 HTTP/1.1" 200 -
[Server] Client connected: hwGF5PR7qXlvaYgBAAAC
127.0.0.1 - - [05/Nov/2025 18:03:24] "POST /socket.io/?EIO=4&transport=polling&t=PfMi9ND&sid=g0eK4bbBDi-S708IAAAA HTTP/1.1" 200 -
[Server] Client connected: FllicHqrXbYRpMkzAAAD
127.0.0.1 - - [05/Nov/2025 18:03:24] "POST /socket.io/?EIO=4&transport=polling&t=PfMi9ND&sid=QehBB6CDzkODbsoCAAAB HTTP/1.1" 200 -
127.0.0.1 - - [05/Nov/2025 18:03:24] "GET /socket.io/?EIO=4&transport=polling&t=PfMi9NF&sid=QehBB6CDzkODbsoCAAAB HTTP/1.1" 200 -
127.0.0.1 - - [05/Nov/2025 18:03:24] "GET /socket.io/?EIO=4&transport=polling&t=PfMi9NE&sid=g0eK4bbBDi-S708IAAAA HTTP/1.1" 200 -
127.0.0.1 - - [05/Nov/2025 18:03:24] "GET /socket.io/?EIO=4&transport=polling&t=PfMi9NN&sid=QehBB6CDzkODbsoCAAAB HTTP/1.1" 200 -
 * Detected change in '/Users/emmaprice/code/knightfall/server.py', reloading
 * Restarting with stat
[Leo CLI] Leo version: leo 3.3.1
============================================================
🏰 Knightfall Chess Server Starting... [DEBUG MODE]
============================================================
Server running on http://localhost:5000
Open in browser to play!
DEBUG: Enhanced logging enabled for move validation
============================================================
Werkzeug appears to be used in a production deployment. Consider switching to a production web server instead.
 * Debugger is active!
 * Debugger PIN: 231-554-204
127.0.0.1 - - [05/Nov/2025 18:03:37] "GET /socket.io/?EIO=4&transport=polling&t=PfMiCYe HTTP/1.1" 200 -
127.0.0.1 - - [05/Nov/2025 18:03:37] "GET /socket.io/?EIO=4&transport=polling&t=PfMiCYd HTTP/1.1" 200 -
[Server] Client connected: qn8RA3r2N0eyXZbeAAAC
127.0.0.1 - - [05/Nov/2025 18:03:37] "POST /socket.io/?EIO=4&transport=polling&t=PfMiCYr&sid=VnJ8SeJUnyf1v0HuAAAA HTTP/1.1" 200 -
127.0.0.1 - - [05/Nov/2025 18:03:37] "GET /socket.io/?EIO=4&transport=polling&t=PfMiCYr.0&sid=VnJ8SeJUnyf1v0HuAAAA HTTP/1.1" 200 -
[Server] Client connected: sZ4bUCNAGMtaezi2AAAD
127.0.0.1 - - [05/Nov/2025 18:03:37] "POST /socket.io/?EIO=4&transport=polling&t=PfMiCYr&sid=gZWPt2l5pG4edmXLAAAB HTTP/1.1" 200 -
127.0.0.1 - - [05/Nov/2025 18:03:37] "GET /socket.io/?EIO=4&transport=polling&t=PfMiCYs&sid=gZWPt2l5pG4edmXLAAAB HTTP/1.1" 200 -
127.0.0.1 - - [05/Nov/2025 18:03:37] "GET /socket.io/?EIO=4&transport=polling&t=PfMiCYw&sid=gZWPt2l5pG4edmXLAAAB HTTP/1.1" 200 -
[Server] Client disconnected: qn8RA3r2N0eyXZbeAAAC
127.0.0.1 - - [05/Nov/2025 18:03:57] "GET /socket.io/?EIO=4&transport=websocket&sid=VnJ8SeJUnyf1v0HuAAAA HTTP/1.1" 200 -
127.0.0.1 - - [05/Nov/2025 18:03:57] "GET / HTTP/1.1" 200 -
127.0.0.1 - - [05/Nov/2025 18:03:57] "GET /static/css/style.css HTTP/1.1" 200 -
127.0.0.1 - - [05/Nov/2025 18:03:57] "GET /static/js/game.js HTTP/1.1" 200 -
127.0.0.1 - - [05/Nov/2025 18:03:57] "GET /static/js/chess-pieces.js HTTP/1.1" 200 -
127.0.0.1 - - [05/Nov/2025 18:03:57] "GET /static/js/board-themes.js HTTP/1.1" 200 -
127.0.0.1 - - [05/Nov/2025 18:03:57] "GET /socket.io/?EIO=4&transport=polling&t=PfMiHWO HTTP/1.1" 200 -
127.0.0.1 - - [05/Nov/2025 18:03:57] "[33mGET /favicon.ico HTTP/1.1[0m" 404 -
[Server] Client connected: vy0Y1zK34luqSQRjAAAF
127.0.0.1 - - [05/Nov/2025 18:03:57] "POST /socket.io/?EIO=4&transport=polling&t=PfMiHWR&sid=l62ij7ZtmngecqFpAAAE HTTP/1.1" 200 -
127.0.0.1 - - [05/Nov/2025 18:03:57] "GET /socket.io/?EIO=4&transport=polling&t=PfMiHWR.0&sid=l62ij7ZtmngecqFpAAAE HTTP/1.1" 200 -
127.0.0.1 - - [05/Nov/2025 18:03:57] "GET /socket.io/?EIO=4&transport=polling&t=PfMiHWX&sid=l62ij7ZtmngecqFpAAAE HTTP/1.1" 200 -
[Server] Player registered: 1 (vy0Y1zK34luqSQRjAAAF)
[Server] Player waiting for match: 1
[Server] Client disconnected: sZ4bUCNAGMtaezi2AAAD
127.0.0.1 - - [05/Nov/2025 18:04:03] "GET /socket.io/?EIO=4&transport=websocket&sid=gZWPt2l5pG4edmXLAAAB HTTP/1.1" 200 -
127.0.0.1 - - [05/Nov/2025 18:04:03] "GET / HTTP/1.1" 200 -
127.0.0.1 - - [05/Nov/2025 18:04:03] "GET /static/css/style.css HTTP/1.1" 200 -
127.0.0.1 - - [05/Nov/2025 18:04:03] "GET /static/js/board-themes.js HTTP/1.1" 200 -
127.0.0.1 - - [05/Nov/2025 18:04:03] "GET /static/js/chess-pieces.js HTTP/1.1" 200 -
127.0.0.1 - - [05/Nov/2025 18:04:03] "GET /static/js/game.js HTTP/1.1" 200 -
127.0.0.1 - - [05/Nov/2025 18:04:03] "[33mGET /.well-known/appspecific/com.chrome.devtools.json HTTP/1.1[0m" 404 -
127.0.0.1 - - [05/Nov/2025 18:04:03] "GET /socket.io/?EIO=4&transport=polling&t=PfMiIpQ HTTP/1.1" 200 -
127.0.0.1 - - [05/Nov/2025 18:04:03] "[33mGET /favicon.ico HTTP/1.1[0m" 404 -
[Server] Client connected: HHhbQFEt4s0d85ACAAAH
127.0.0.1 - - [05/Nov/2025 18:04:03] "POST /socket.io/?EIO=4&transport=polling&t=PfMiIpZ&sid=YvkqPqlBfcQA8LPxAAAG HTTP/1.1" 200 -
127.0.0.1 - - [05/Nov/2025 18:04:03] "GET /socket.io/?EIO=4&transport=polling&t=PfMiIpZ.0&sid=YvkqPqlBfcQA8LPxAAAG HTTP/1.1" 200 -
127.0.0.1 - - [05/Nov/2025 18:04:03] "GET /socket.io/?EIO=4&transport=polling&t=PfMiIpi&sid=YvkqPqlBfcQA8LPxAAAG HTTP/1.1" 200 -
[Server] Player registered: 2 (HHhbQFEt4s0d85ACAAAH)
[Leo CLI] Leo version: leo 3.3.1
[Server] Game started: 13de5eb9f88178ea - 2 (white) vs 1 (black)
[Leo Interface] Calculating visibility for white
[Leo Interface] Found 16 pieces at squares: [48, 49, 50, 51, 52, 53, 54, 55, 56, 57, 58, 59, 60, 61, 62, 63]
[Leo CLI] Visibility for white: 32/64 squares visible
[Leo Interface] Calculating visibility for black
[Leo Interface] Found 16 pieces at squares: [0, 1, 2, 3, 4, 5, 6, 7, 8, 9, 10, 11, 12, 13, 14, 15]
[Leo CLI] Visibility for black: 32/64 squares visible

============================================================
[SERVER MOVE] white attempting: 50 -> 34
[SERVER MOVE] Current turn: white
[SERVER MOVE] Piece at 50: 1
[SERVER MOVE] Piece is white
[SERVER MOVE] Calling Leo validation...
[SERVER MOVE] Leo validation passed! Executing move...
[Leo Interface] Checking en passant: 50 -> 34
[SERVER MOVE] Move execution: SUCCESS
[SERVER MOVE] Game over check: game_over=False, winner=0
[SERVER MOVE] Returning success!
[Leo Interface] Calculating visibility for white
[Leo Interface] Found 16 pieces at squares: [34, 48, 49, 51, 52, 53, 54, 55, 56, 57, 58, 59, 60, 61, 62, 63]
[Leo CLI] Visibility for white: 33/64 squares visible
[Leo Interface] Calculating visibility for black
[Leo Interface] Found 16 pieces at squares: [0, 1, 2, 3, 4, 5, 6, 7, 8, 9, 10, 11, 12, 13, 14, 15]
[Leo CLI] Visibility for black: 32/64 squares visible

============================================================
[SERVER MOVE] black attempting: 9 -> 17
[SERVER MOVE] Current turn: black
[SERVER MOVE] Piece at 9: 7
[SERVER MOVE] Piece is black
[SERVER MOVE] Calling Leo validation...
[SERVER MOVE] Leo validation passed! Executing move...
[Leo Interface] Checking en passant: 9 -> 17
[SERVER MOVE] Move execution: SUCCESS
[SERVER MOVE] Game over check: game_over=False, winner=0
[SERVER MOVE] Returning success!
[Leo Interface] Calculating visibility for white
[Leo Interface] Found 16 pieces at squares: [34, 48, 49, 51, 52, 53, 54, 55, 56, 57, 58, 59, 60, 61, 62, 63]
[Leo CLI] Visibility for white: 33/64 squares visible
[Leo Interface] Calculating visibility for black
[Leo Interface] Found 16 pieces at squares: [0, 1, 2, 3, 4, 5, 6, 7, 8, 10, 11, 12, 13, 14, 15, 17]
[Leo CLI] Visibility for black: 32/64 squares visible

============================================================
[SERVER MOVE] white attempting: 51 -> 43
[SERVER MOVE] Current turn: white
[SERVER MOVE] Piece at 51: 1
[SERVER MOVE] Piece is white
[SERVER MOVE] Calling Leo validation...
[SERVER MOVE] Leo validation passed! Executing move...
[Leo Interface] Checking en passant: 51 -> 43
[SERVER MOVE] Move execution: SUCCESS
[SERVER MOVE] Game over check: game_over=False, winner=0
[SERVER MOVE] Returning success!
[Leo Interface] Calculating visibility for white
[Leo Interface] Found 16 pieces at squares: [34, 43, 48, 49, 52, 53, 54, 55, 56, 57, 58, 59, 60, 61, 62, 63]
[Leo CLI] Visibility for white: 35/64 squares visible
[Leo Interface] Calculating visibility for black
[Leo Interface] Found 16 pieces at squares: [0, 1, 2, 3, 4, 5, 6, 7, 8, 10, 11, 12, 13, 14, 15, 17]
[Leo CLI] Visibility for black: 32/64 squares visible

============================================================
[SERVER MOVE] black attempting: 2 -> 16
[SERVER MOVE] Current turn: black
[SERVER MOVE] Piece at 2: 9
[SERVER MOVE] Piece is black
[SERVER MOVE] Calling Leo validation...
[SERVER MOVE] Leo validation passed! Executing move...
[Leo Interface] Checking en passant: 2 -> 16
[SERVER MOVE] Move execution: SUCCESS
[SERVER MOVE] Game over check: game_over=False, winner=0
[SERVER MOVE] Returning success!
[Leo Interface] Calculating visibility for white
[Leo Interface] Found 16 pieces at squares: [34, 43, 48, 49, 52, 53, 54, 55, 56, 57, 58, 59, 60, 61, 62, 63]
[Leo CLI] Visibility for white: 35/64 squares visible
[Leo Interface] Calculating visibility for black
[Leo Interface] Found 16 pieces at squares: [0, 1, 3, 4, 5, 6, 7, 8, 10, 11, 12, 13, 14, 15, 16, 17]
[Leo CLI] Visibility for black: 33/64 squares visible

============================================================
[SERVER MOVE] white attempting: 52 -> 44
[SERVER MOVE] Current turn: white
[SERVER MOVE] Piece at 52: 1
[SERVER MOVE] Piece is white
[SERVER MOVE] Calling Leo validation...
[SERVER MOVE] Leo validation passed! Executing move...
[Leo Interface] Checking en passant: 52 -> 44
[SERVER MOVE] Move execution: SUCCESS
[SERVER MOVE] Game over check: game_over=False, winner=0
[SERVER MOVE] Returning success!
[Leo Interface] Calculating visibility for white
[Leo Interface] Found 16 pieces at squares: [34, 43, 44, 48, 49, 53, 54, 55, 56, 57, 58, 59, 60, 61, 62, 63]
[Leo CLI] Visibility for white: 34/64 squares visible
[Leo Interface] Calculating visibility for black
[Leo Interface] Found 16 pieces at squares: [0, 1, 3, 4, 5, 6, 7, 8, 10, 11, 12, 13, 14, 15, 16, 17]
[Leo CLI] Visibility for black: 33/64 squares visible

============================================================
[SERVER MOVE] black attempting: 16 -> 34
[SERVER MOVE] Current turn: black
[SERVER MOVE] Piece at 16: 9
[SERVER MOVE] Piece is black
[SERVER MOVE] Calling Leo validation...
[SERVER MOVE] Leo validation passed! Executing move...
[Leo Interface] Checking en passant: 16 -> 34
[SERVER MOVE] Move execution: SUCCESS
[SERVER MOVE] Game over check: game_over=False, winner=0
[SERVER MOVE] Returning success!
[Leo Interface] Calculating visibility for white
[Leo Interface] Found 15 pieces at squares: [43, 44, 48, 49, 53, 54, 55, 56, 57, 58, 59, 60, 61, 62, 63]
[Leo CLI] Visibility for white: 32/64 squares visible
[Leo Interface] Calculating visibility for black
[Leo Interface] Found 16 pieces at squares: [0, 1, 3, 4, 5, 6, 7, 8, 10, 11, 12, 13, 14, 15, 17, 34]
[Leo CLI] Visibility for black: 35/64 squares visible

============================================================
[SERVER MOVE] white attempting: 44 -> 36
[SERVER MOVE] Current turn: white
[SERVER MOVE] Piece at 44: 1
[SERVER MOVE] Piece is white
[SERVER MOVE] Calling Leo validation...
[SERVER MOVE] Leo validation passed! Executing move...
[Leo Interface] Checking en passant: 44 -> 36
[SERVER MOVE] Move execution: SUCCESS
[SERVER MOVE] Game over check: game_over=False, winner=0
[SERVER MOVE] Returning success!
[Leo Interface] Calculating visibility for white
[Leo Interface] Found 15 pieces at squares: [36, 43, 48, 49, 53, 54, 55, 56, 57, 58, 59, 60, 61, 62, 63]
[Leo CLI] Visibility for white: 35/64 squares visible
[Leo Interface] Calculating visibility for black
[Leo Interface] Found 16 pieces at squares: [0, 1, 3, 4, 5, 6, 7, 8, 10, 11, 12, 13, 14, 15, 17, 34]
[Leo CLI] Visibility for black: 35/64 squares visible

============================================================
[SERVER MOVE] black attempting: 34 -> 43
[SERVER MOVE] Current turn: black
[SERVER MOVE] Piece at 34: 9
[SERVER MOVE] Piece is black
[SERVER MOVE] Calling Leo validation...
[SERVER MOVE] Leo validation passed! Executing move...
[Leo Interface] Checking en passant: 34 -> 43
[SERVER MOVE] Move execution: SUCCESS
[SERVER MOVE] Game over check: game_over=False, winner=0
[SERVER MOVE] Returning success!
[Leo Interface] Calculating visibility for white
[Leo Interface] Found 14 pieces at squares: [36, 48, 49, 53, 54, 55, 56, 57, 58, 59, 60, 61, 62, 63]
[Leo CLI] Visibility for white: 34/64 squares visible
[Leo Interface] Calculating visibility for black
[Leo Interface] Found 16 pieces at squares: [0, 1, 3, 4, 5, 6, 7, 8, 10, 11, 12, 13, 14, 15, 17, 43]
[Leo CLI] Visibility for black: 38/64 squares visible

============================================================
[SERVER MOVE] white attempting: 36 -> 28
[SERVER MOVE] Current turn: white
[SERVER MOVE] Piece at 36: 1
[SERVER MOVE] Piece is white
[SERVER MOVE] Calling Leo validation...
[SERVER MOVE] Leo validation passed! Executing move...
[Leo Interface] Checking en passant: 36 -> 28
[SERVER MOVE] Move execution: SUCCESS
[SERVER MOVE] Game over check: game_over=False, winner=0
[SERVER MOVE] Returning success!
[Leo Interface] Calculating visibility for white
[Leo Interface] Found 14 pieces at squares: [28, 48, 49, 53, 54, 55, 56, 57, 58, 59, 60, 61, 62, 63]
[Leo CLI] Visibility for white: 34/64 squares visible
[Leo Interface] Calculating visibility for black
[Leo Interface] Found 16 pieces at squares: [0, 1, 3, 4, 5, 6, 7, 8, 10, 11, 12, 13, 14, 15, 17, 43]
[Leo CLI] Visibility for black: 38/64 squares visible

============================================================
[SERVER MOVE] black attempting: 43 -> 52
[SERVER MOVE] Current turn: black
[SERVER MOVE] Piece at 43: 9
[SERVER MOVE] Piece is black
[SERVER MOVE] Calling Leo validation...
[SERVER MOVE] Leo validation passed! Executing move...
[Leo Interface] Checking en passant: 43 -> 52
[SERVER MOVE] Move execution: SUCCESS
[SERVER MOVE] Game over check: game_over=False, winner=0
[SERVER MOVE] Returning success!
[Leo Interface] Calculating visibility for white
[Leo Interface] Found 14 pieces at squares: [28, 48, 49, 53, 54, 55, 56, 57, 58, 59, 60, 61, 62, 63]
[Leo CLI] Visibility for white: 37/64 squares visible
[Leo Interface] Calculating visibility for black
[Leo Interface] Found 16 pieces at squares: [0, 1, 3, 4, 5, 6, 7, 8, 10, 11, 12, 13, 14, 15, 17, 52]
[Leo CLI] Visibility for black: 38/64 squares visible

============================================================
[SERVER MOVE] white attempting: 28 -> 20
[SERVER MOVE] Current turn: white
[SERVER MOVE] Piece at 28: 1
[SERVER MOVE] Piece is white
[SERVER MOVE] Calling Leo validation...
[SERVER MOVE] Leo validation passed! Executing move...
[Leo Interface] Checking en passant: 28 -> 20
[SERVER MOVE] Move execution: SUCCESS
[SERVER MOVE] Game over check: game_over=False, winner=0
[SERVER MOVE] Returning success!
[Leo Interface] Calculating visibility for white
[Leo Interface] Found 14 pieces at squares: [20, 48, 49, 53, 54, 55, 56, 57, 58, 59, 60, 61, 62, 63]
[Leo CLI] Visibility for white: 37/64 squares visible
[Leo Interface] Calculating visibility for black
[Leo Interface] Found 16 pieces at squares: [0, 1, 3, 4, 5, 6, 7, 8, 10, 11, 12, 13, 14, 15, 17, 52]
[Leo CLI] Visibility for black: 38/64 squares visible

============================================================
[SERVER MOVE] black attempting: 52 -> 59
[SERVER MOVE] Current turn: black
[SERVER MOVE] Piece at 52: 9
[SERVER MOVE] Piece is black
[SERVER MOVE] Calling Leo validation...
[SERVER MOVE] Leo validation passed! Executing move...
[Leo Interface] Checking en passant: 52 -> 59
[SERVER MOVE] Move execution: SUCCESS
[SERVER MOVE] Game over check: game_over=False, winner=0
[SERVER MOVE] Returning success!
[Leo Interface] Calculating visibility for white
[Leo Interface] Found 13 pieces at squares: [20, 48, 49, 53, 54, 55, 56, 57, 58, 60, 61, 62, 63]
[Leo CLI] Visibility for white: 35/64 squares visible
[Leo Interface] Calculating visibility for black
[Leo Interface] Found 16 pieces at squares: [0, 1, 3, 4, 5, 6, 7, 8, 10, 11, 12, 13, 14, 15, 17, 59]
[Leo CLI] Visibility for black: 38/64 squares visible

============================================================
[SERVER MOVE] white attempting: 53 -> 45
[SERVER MOVE] Current turn: white
[SERVER MOVE] Piece at 53: 1
[SERVER MOVE] Piece is white
[SERVER MOVE] Calling Leo validation...
[SERVER MOVE] Leo validation passed! Executing move...
[Leo Interface] Checking en passant: 53 -> 45
[SERVER MOVE] Move execution: SUCCESS
[SERVER MOVE] Game over check: game_over=False, winner=0
[SERVER MOVE] Returning success!
[Leo Interface] Calculating visibility for white
[Leo Interface] Found 13 pieces at squares: [20, 45, 48, 49, 54, 55, 56, 57, 58, 60, 61, 62, 63]
[Leo CLI] Visibility for white: 35/64 squares visible
[Leo Interface] Calculating visibility for black
[Leo Interface] Found 16 pieces at squares: [0, 1, 3, 4, 5, 6, 7, 8, 10, 11, 12, 13, 14, 15, 17, 59]
[Leo CLI] Visibility for black: 37/64 squares visible
 * Detected change in '/Users/emmaprice/code/knightfall/server.py', reloading
 * Restarting with stat
[Leo CLI] Leo version: leo 3.3.1
============================================================
🏰 Knightfall Chess Server Starting... [DEBUG MODE]
============================================================
Server running on http://localhost:5000
Open in browser to play!
DEBUG: Enhanced logging enabled for move validation
============================================================
Werkzeug appears to be used in a production deployment. Consider switching to a production web server instead.
 * Debugger is active!
 * Debugger PIN: 231-554-204
127.0.0.1 - - [05/Nov/2025 18:05:47] "GET /socket.io/?EIO=4&transport=polling&t=PfMiiHt HTTP/1.1" 200 -
[Server] Client connected: e-PlKP6ko5GfbsluAAAB
127.0.0.1 - - [05/Nov/2025 18:05:47] "POST /socket.io/?EIO=4&transport=polling&t=PfMiiH_&sid=UhPL7Li5JQc78tJSAAAA HTTP/1.1" 200 -
127.0.0.1 - - [05/Nov/2025 18:05:47] "GET /socket.io/?EIO=4&transport=polling&t=PfMiiI0&sid=UhPL7Li5JQc78tJSAAAA HTTP/1.1" 200 -
127.0.0.1 - - [05/Nov/2025 18:05:47] "GET /socket.io/?EIO=4&transport=polling&t=PfMiiM6 HTTP/1.1" 200 -
[Server] Client connected: Pjj24VX_i8iBhO8OAAAD
127.0.0.1 - - [05/Nov/2025 18:05:47] "POST /socket.io/?EIO=4&transport=polling&t=PfMiiMC&sid=V_lHRzTXtW0S_OxwAAAC HTTP/1.1" 200 -
127.0.0.1 - - [05/Nov/2025 18:05:47] "GET /socket.io/?EIO=4&transport=polling&t=PfMiiMD&sid=V_lHRzTXtW0S_OxwAAAC HTTP/1.1" 200 -
 * Detected change in '/Users/emmaprice/code/knightfall/server.py', reloading
 * Restarting with stat
[Leo CLI] Leo version: leo 3.3.1
============================================================
🏰 Knightfall Chess Server Starting... [DEBUG MODE]
============================================================
Server running on http://localhost:5000
Open in browser to play!
DEBUG: Enhanced logging enabled for move validation
============================================================
Werkzeug appears to be used in a production deployment. Consider switching to a production web server instead.
 * Debugger is active!
 * Debugger PIN: 231-554-204
127.0.0.1 - - [05/Nov/2025 18:06:58] "GET /socket.io/?EIO=4&transport=polling&t=PfMizay HTTP/1.1" 200 -
[Server] Client connected: BVSzGUBFdrOahhwTAAAB
127.0.0.1 - - [05/Nov/2025 18:06:58] "POST /socket.io/?EIO=4&transport=polling&t=PfMizb2&sid=jA57zeyagfh6FvQ-AAAA HTTP/1.1" 200 -
127.0.0.1 - - [05/Nov/2025 18:06:58] "GET /socket.io/?EIO=4&transport=polling&t=PfMizb2.0&sid=jA57zeyagfh6FvQ-AAAA HTTP/1.1" 200 -
127.0.0.1 - - [05/Nov/2025 18:06:58] "GET /socket.io/?EIO=4&transport=polling&t=PfMizdF HTTP/1.1" 200 -
[Server] Client connected: ZvBpzrHzLG-srefGAAAD
127.0.0.1 - - [05/Nov/2025 18:06:58] "POST /socket.io/?EIO=4&transport=polling&t=PfMizdQ&sid=UY4X2EdMN-wQD4JVAAAC HTTP/1.1" 200 -
127.0.0.1 - - [05/Nov/2025 18:06:58] "GET /socket.io/?EIO=4&transport=polling&t=PfMizdR&sid=UY4X2EdMN-wQD4JVAAAC HTTP/1.1" 200 -
 * Detected change in '/Users/emmaprice/code/knightfall/server.py', reloading
 * Restarting with stat
[Leo CLI] Leo version: leo 3.3.1
============================================================
🏰 Knightfall Chess Server Starting... [DEBUG MODE]
============================================================
Server running on http://localhost:5000
Open in browser to play!
DEBUG: Enhanced logging enabled for move validation
============================================================
Werkzeug appears to be used in a production deployment. Consider switching to a production web server instead.
 * Debugger is active!
 * Debugger PIN: 231-554-204
127.0.0.1 - - [05/Nov/2025 18:07:01] "GET /socket.io/?EIO=4&transport=polling&t=PfMi-LY HTTP/1.1" 200 -
[Server] Client connected: pThNfQfjwe981TwgAAAB
127.0.0.1 - - [05/Nov/2025 18:07:01] "POST /socket.io/?EIO=4&transport=polling&t=PfMi-Ll&sid=GVvDtuNSTNnwmm9NAAAA HTTP/1.1" 200 -
127.0.0.1 - - [05/Nov/2025 18:07:01] "GET /socket.io/?EIO=4&transport=polling&t=PfMi-Lm&sid=GVvDtuNSTNnwmm9NAAAA HTTP/1.1" 200 -
127.0.0.1 - - [05/Nov/2025 18:07:01] "GET /socket.io/?EIO=4&transport=polling&t=PfMi-M7 HTTP/1.1" 200 -
[Server] Client connected: qUumViK3xn4wmnmWAAAD
127.0.0.1 - - [05/Nov/2025 18:07:01] "POST /socket.io/?EIO=4&transport=polling&t=PfMi-MF&sid=QqDXVAQEe6TAqb6-AAAC HTTP/1.1" 200 -
127.0.0.1 - - [05/Nov/2025 18:07:01] "GET /socket.io/?EIO=4&transport=polling&t=PfMi-MF.0&sid=QqDXVAQEe6TAqb6-AAAC HTTP/1.1" 200 -
 * Detected change in '/Users/emmaprice/code/knightfall/server.py', reloading
 * Restarting with stat
[Leo CLI] Leo version: leo 3.3.1
============================================================
🏰 Knightfall Chess Server Starting... [DEBUG MODE]
============================================================
Server running on http://localhost:5000
Open in browser to play!
DEBUG: Enhanced logging enabled for move validation
============================================================
Werkzeug appears to be used in a production deployment. Consider switching to a production web server instead.
 * Debugger is active!
 * Debugger PIN: 231-554-204
127.0.0.1 - - [05/Nov/2025 18:07:10] "GET /socket.io/?EIO=4&transport=polling&t=PfMj0Yl HTTP/1.1" 200 -
127.0.0.1 - - [05/Nov/2025 18:07:10] "GET /socket.io/?EIO=4&transport=polling&t=PfMj0Yl HTTP/1.1" 200 -
[Server] Client connected: gDXftOTNIY_XpshBAAAC[Server] Client connected: Y0J2HfW2By2GlV3xAAAD

127.0.0.1 - - [05/Nov/2025 18:07:10] "POST /socket.io/?EIO=4&transport=polling&t=PfMj0Yq&sid=_KVk0oU29R8fq6hNAAAB HTTP/1.1" 200 -
127.0.0.1 - - [05/Nov/2025 18:07:10] "POST /socket.io/?EIO=4&transport=polling&t=PfMj0Yo&sid=CZDu8k1ppe1VvpR1AAAA HTTP/1.1" 200 -
127.0.0.1 - - [05/Nov/2025 18:07:10] "GET /socket.io/?EIO=4&transport=polling&t=PfMj0Yq.0&sid=_KVk0oU29R8fq6hNAAAB HTTP/1.1" 200 -
127.0.0.1 - - [05/Nov/2025 18:07:10] "GET /socket.io/?EIO=4&transport=polling&t=PfMj0Yp&sid=CZDu8k1ppe1VvpR1AAAA HTTP/1.1" 200 -
127.0.0.1 - - [05/Nov/2025 18:07:10] "GET /socket.io/?EIO=4&transport=polling&t=PfMj0Yu&sid=_KVk0oU29R8fq6hNAAAB HTTP/1.1" 200 -
[Server] Client disconnected: gDXftOTNIY_XpshBAAAC
127.0.0.1 - - [05/Nov/2025 18:07:42] "GET /socket.io/?EIO=4&transport=websocket&sid=_KVk0oU29R8fq6hNAAAB HTTP/1.1" 200 -
127.0.0.1 - - [05/Nov/2025 18:07:42] "GET / HTTP/1.1" 200 -
127.0.0.1 - - [05/Nov/2025 18:07:42] "GET /static/js/board-themes.js HTTP/1.1" 200 -
127.0.0.1 - - [05/Nov/2025 18:07:42] "GET /static/css/style.css HTTP/1.1" 200 -
127.0.0.1 - - [05/Nov/2025 18:07:42] "GET /static/js/chess-pieces.js HTTP/1.1" 200 -
127.0.0.1 - - [05/Nov/2025 18:07:42] "GET /static/js/game.js HTTP/1.1" 200 -
127.0.0.1 - - [05/Nov/2025 18:07:42] "GET /socket.io/?EIO=4&transport=polling&t=PfMj8H_ HTTP/1.1" 200 -
127.0.0.1 - - [05/Nov/2025 18:07:42] "[33mGET /favicon.ico HTTP/1.1[0m" 404 -
[Server] Client connected: -ycNeJtZBcUK5h0lAAAF
127.0.0.1 - - [05/Nov/2025 18:07:42] "POST /socket.io/?EIO=4&transport=polling&t=PfMj8I6&sid=hqq2v343QD6uco6bAAAE HTTP/1.1" 200 -
127.0.0.1 - - [05/Nov/2025 18:07:42] "GET /socket.io/?EIO=4&transport=polling&t=PfMj8I6.0&sid=hqq2v343QD6uco6bAAAE HTTP/1.1" 200 -
[Server] Player registered: 1 (-ycNeJtZBcUK5h0lAAAF)
[Server] Player waiting for match: 1
[Server] Client disconnected: Y0J2HfW2By2GlV3xAAAD
127.0.0.1 - - [05/Nov/2025 18:07:48] "GET /socket.io/?EIO=4&transport=websocket&sid=CZDu8k1ppe1VvpR1AAAA HTTP/1.1" 200 -
127.0.0.1 - - [05/Nov/2025 18:07:48] "GET / HTTP/1.1" 200 -
127.0.0.1 - - [05/Nov/2025 18:07:48] "GET /static/css/style.css HTTP/1.1" 200 -
127.0.0.1 - - [05/Nov/2025 18:07:48] "GET /static/js/board-themes.js HTTP/1.1" 200 -
127.0.0.1 - - [05/Nov/2025 18:07:48] "GET /static/js/chess-pieces.js HTTP/1.1" 200 -
127.0.0.1 - - [05/Nov/2025 18:07:48] "GET /static/js/game.js HTTP/1.1" 200 -
127.0.0.1 - - [05/Nov/2025 18:07:48] "[33mGET /.well-known/appspecific/com.chrome.devtools.json HTTP/1.1[0m" 404 -
127.0.0.1 - - [05/Nov/2025 18:07:48] "GET /socket.io/?EIO=4&transport=polling&t=PfMj9qV HTTP/1.1" 200 -
127.0.0.1 - - [05/Nov/2025 18:07:48] "[33mGET /favicon.ico HTTP/1.1[0m" 404 -
[Server] Client connected: Tej2cGvS-4CCKlt_AAAH
127.0.0.1 - - [05/Nov/2025 18:07:48] "POST /socket.io/?EIO=4&transport=polling&t=PfMj9qe&sid=CApI5rfnMCC5bCwrAAAG HTTP/1.1" 200 -
127.0.0.1 - - [05/Nov/2025 18:07:48] "GET /socket.io/?EIO=4&transport=polling&t=PfMj9qe.0&sid=CApI5rfnMCC5bCwrAAAG HTTP/1.1" 200 -
127.0.0.1 - - [05/Nov/2025 18:07:48] "GET /socket.io/?EIO=4&transport=polling&t=PfMj9qm&sid=CApI5rfnMCC5bCwrAAAG HTTP/1.1" 200 -
[Server] Player registered: 2 (Tej2cGvS-4CCKlt_AAAH)
[Leo CLI] Leo version: leo 3.3.1
[Server] Game started: a786521252b7f078 - 2 (white) vs 1 (black)
[Leo Interface] Calculating visibility for white
[Leo Interface] Found 16 pieces at squares: [48, 49, 50, 51, 52, 53, 54, 55, 56, 57, 58, 59, 60, 61, 62, 63]
[Leo CLI] Visibility for white: 32/64 squares visible
[Leo Interface] Calculating visibility for black
[Leo Interface] Found 16 pieces at squares: [0, 1, 2, 3, 4, 5, 6, 7, 8, 9, 10, 11, 12, 13, 14, 15]
[Leo CLI] Visibility for black: 32/64 squares visible

============================================================
[SERVER MOVE] white attempting: 53 -> 37
[SERVER MOVE] Current turn: white
[SERVER MOVE] Piece at 53: 1
[SERVER MOVE] Piece is white
[SERVER MOVE] Calling Leo validation...
[SERVER MOVE] Leo validation passed! Executing move...
[Leo Interface] Checking en passant: 53 -> 37
[SERVER MOVE] Move execution: SUCCESS
[SERVER MOVE] Kings: White at 60, Black at 4
[SERVER MOVE] Game over check: game_over=False, winner=0
[SERVER MOVE] Returning success!
[Leo Interface] Calculating visibility for white
[Leo Interface] Found 16 pieces at squares: [37, 48, 49, 50, 51, 52, 54, 55, 56, 57, 58, 59, 60, 61, 62, 63]
[Leo CLI] Visibility for white: 33/64 squares visible
[Leo Interface] Calculating visibility for black
[Leo Interface] Found 16 pieces at squares: [0, 1, 2, 3, 4, 5, 6, 7, 8, 9, 10, 11, 12, 13, 14, 15]
[Leo CLI] Visibility for black: 32/64 squares visible

============================================================
[SERVER MOVE] black attempting: 14 -> 30
[SERVER MOVE] Current turn: black
[SERVER MOVE] Piece at 14: 7
[SERVER MOVE] Piece is black
[SERVER MOVE] Calling Leo validation...
[SERVER MOVE] Leo validation passed! Executing move...
[Leo Interface] Checking en passant: 14 -> 30
[SERVER MOVE] Move execution: SUCCESS
[SERVER MOVE] Kings: White at 60, Black at 4
[SERVER MOVE] Game over check: game_over=False, winner=0
[SERVER MOVE] Returning success!
[Leo Interface] Calculating visibility for white
[Leo Interface] Found 16 pieces at squares: [37, 48, 49, 50, 51, 52, 54, 55, 56, 57, 58, 59, 60, 61, 62, 63]
[Leo CLI] Visibility for white: 33/64 squares visible
[Leo Interface] Calculating visibility for black
[Leo Interface] Found 16 pieces at squares: [0, 1, 2, 3, 4, 5, 6, 7, 8, 9, 10, 11, 12, 13, 15, 30]
[Leo CLI] Visibility for black: 32/64 squares visible

============================================================
[SERVER MOVE] white attempting: 54 -> 46
[SERVER MOVE] Current turn: white
[SERVER MOVE] Piece at 54: 1
[SERVER MOVE] Piece is white
[SERVER MOVE] Calling Leo validation...
[SERVER MOVE] Leo validation passed! Executing move...
[Leo Interface] Checking en passant: 54 -> 46
[SERVER MOVE] Move execution: SUCCESS
[SERVER MOVE] Kings: White at 60, Black at 4
[SERVER MOVE] Game over check: game_over=False, winner=0
[SERVER MOVE] Returning success!
[Leo Interface] Calculating visibility for white
[Leo Interface] Found 16 pieces at squares: [37, 46, 48, 49, 50, 51, 52, 55, 56, 57, 58, 59, 60, 61, 62, 63]
[Leo CLI] Visibility for white: 33/64 squares visible
[Leo Interface] Calculating visibility for black
[Leo Interface] Found 16 pieces at squares: [0, 1, 2, 3, 4, 5, 6, 7, 8, 9, 10, 11, 12, 13, 15, 30]
[Leo CLI] Visibility for black: 32/64 squares visible

============================================================
[SERVER MOVE] black attempting: 5 -> 23
[SERVER MOVE] Current turn: black
[SERVER MOVE] Piece at 5: 9
[SERVER MOVE] Piece is black
[SERVER MOVE] Calling Leo validation...
[SERVER MOVE] Leo validation passed! Executing move...
[Leo Interface] Checking en passant: 5 -> 23
[SERVER MOVE] Move execution: SUCCESS
[SERVER MOVE] Kings: White at 60, Black at 4
[SERVER MOVE] Game over check: game_over=False, winner=0
[SERVER MOVE] Returning success!
[Leo Interface] Calculating visibility for white
[Leo Interface] Found 16 pieces at squares: [37, 46, 48, 49, 50, 51, 52, 55, 56, 57, 58, 59, 60, 61, 62, 63]
[Leo CLI] Visibility for white: 33/64 squares visible
[Leo Interface] Calculating visibility for black
[Leo Interface] Found 16 pieces at squares: [0, 1, 2, 3, 4, 6, 7, 8, 9, 10, 11, 12, 13, 15, 23, 30]
[Leo CLI] Visibility for black: 32/64 squares visible

============================================================
[SERVER MOVE] white attempting: 52 -> 44
[SERVER MOVE] Current turn: white
[SERVER MOVE] Piece at 52: 1
[SERVER MOVE] Piece is white
[SERVER MOVE] Calling Leo validation...
[SERVER MOVE] Leo validation passed! Executing move...
[Leo Interface] Checking en passant: 52 -> 44
[SERVER MOVE] Move execution: SUCCESS
[SERVER MOVE] Kings: White at 60, Black at 4
[SERVER MOVE] Game over check: game_over=False, winner=0
[SERVER MOVE] Returning success!
[Leo Interface] Calculating visibility for white
[Leo Interface] Found 16 pieces at squares: [37, 44, 46, 48, 49, 50, 51, 55, 56, 57, 58, 59, 60, 61, 62, 63]
[Leo CLI] Visibility for white: 36/64 squares visible
[Leo Interface] Calculating visibility for black
[Leo Interface] Found 16 pieces at squares: [0, 1, 2, 3, 4, 6, 7, 8, 9, 10, 11, 12, 13, 15, 23, 30]
[Leo CLI] Visibility for black: 32/64 squares visible

============================================================
[SERVER MOVE] black attempting: 30 -> 38
[SERVER MOVE] Current turn: black
[SERVER MOVE] Piece at 30: 7
[SERVER MOVE] Piece is black
[SERVER MOVE] Calling Leo validation...
[SERVER MOVE] Leo validation passed! Executing move...
[Leo Interface] Checking en passant: 30 -> 38
[SERVER MOVE] Move execution: SUCCESS
[SERVER MOVE] Kings: White at 60, Black at 4
[SERVER MOVE] Game over check: game_over=False, winner=0
[SERVER MOVE] Returning success!
[Leo Interface] Calculating visibility for white
[Leo Interface] Found 16 pieces at squares: [37, 44, 46, 48, 49, 50, 51, 55, 56, 57, 58, 59, 60, 61, 62, 63]
[Leo CLI] Visibility for white: 35/64 squares visible
[Leo Interface] Calculating visibility for black
[Leo Interface] Found 16 pieces at squares: [0, 1, 2, 3, 4, 6, 7, 8, 9, 10, 11, 12, 13, 15, 23, 38]
[Leo CLI] Visibility for black: 34/64 squares visible

============================================================
[SERVER MOVE] white attempting: 46 -> 51
[SERVER MOVE] Current turn: white
[SERVER MOVE] Piece at 46: 1
[SERVER MOVE] Piece is white
[SERVER MOVE] Calling Leo validation...
[SERVER MOVE] ERROR: Leo validation failed!
[SERVER MOVE] Possible reasons: invalid piece move or blocked path

============================================================
[SERVER MOVE] white attempting: 60 -> 52
[SERVER MOVE] Current turn: white
[SERVER MOVE] Piece at 60: 6
[SERVER MOVE] Piece is white
[SERVER MOVE] Calling Leo validation...
[SERVER MOVE] Leo validation passed! Executing move...
[Leo Interface] Checking en passant: 60 -> 52
[SERVER MOVE] Move execution: SUCCESS
[SERVER MOVE] Kings: White at 52, Black at 4
[SERVER MOVE] Game over check: game_over=False, winner=0
[SERVER MOVE] Returning success!
[Leo Interface] Calculating visibility for white
[Leo Interface] Found 16 pieces at squares: [37, 44, 46, 48, 49, 50, 51, 52, 55, 56, 57, 58, 59, 61, 62, 63]
[Leo CLI] Visibility for white: 33/64 squares visible
[Leo Interface] Calculating visibility for black
[Leo Interface] Found 16 pieces at squares: [0, 1, 2, 3, 4, 6, 7, 8, 9, 10, 11, 12, 13, 15, 23, 38]
[Leo CLI] Visibility for black: 34/64 squares visible

============================================================
[SERVER MOVE] black attempting: 23 -> 37
[SERVER MOVE] Current turn: black
[SERVER MOVE] Piece at 23: 9
[SERVER MOVE] Piece is black
[SERVER MOVE] Calling Leo validation...
[SERVER MOVE] Leo validation passed! Executing move...
[Leo Interface] Checking en passant: 23 -> 37
[SERVER MOVE] Move execution: SUCCESS
[SERVER MOVE] Kings: White at 52, Black at 4
[SERVER MOVE] Game over check: game_over=False, winner=0
[SERVER MOVE] Returning success!
[Leo Interface] Calculating visibility for white
[Leo Interface] Found 15 pieces at squares: [44, 46, 48, 49, 50, 51, 52, 55, 56, 57, 58, 59, 61, 62, 63]
[Leo CLI] Visibility for white: 31/64 squares visible
[Leo Interface] Calculating visibility for black
[Leo Interface] Found 16 pieces at squares: [0, 1, 2, 3, 4, 6, 7, 8, 9, 10, 11, 12, 13, 15, 37, 38]
[Leo CLI] Visibility for black: 34/64 squares visible

============================================================
[SERVER MOVE] white attempting: 44 -> 36
[SERVER MOVE] Current turn: white
[SERVER MOVE] Piece at 44: 1
[SERVER MOVE] Piece is white
[SERVER MOVE] Calling Leo validation...
[SERVER MOVE] Leo validation passed! Executing move...
[Leo Interface] Checking en passant: 44 -> 36
[SERVER MOVE] Move execution: SUCCESS
[SERVER MOVE] Kings: White at 52, Black at 4
[SERVER MOVE] Game over check: game_over=False, winner=0
[SERVER MOVE] Returning success!
[Leo Interface] Calculating visibility for white
[Leo Interface] Found 15 pieces at squares: [36, 46, 48, 49, 50, 51, 52, 55, 56, 57, 58, 59, 61, 62, 63]
[Leo CLI] Visibility for white: 32/64 squares visible
[Leo Interface] Calculating visibility for black
[Leo Interface] Found 16 pieces at squares: [0, 1, 2, 3, 4, 6, 7, 8, 9, 10, 11, 12, 13, 15, 37, 38]
[Leo CLI] Visibility for black: 35/64 squares visible

============================================================
[SERVER MOVE] black attempting: 37 -> 51
[SERVER MOVE] Current turn: black
[SERVER MOVE] Piece at 37: 9
[SERVER MOVE] Piece is black
[SERVER MOVE] Calling Leo validation...
[SERVER MOVE] Leo validation passed! Executing move...
[Leo Interface] Checking en passant: 37 -> 51
[SERVER MOVE] Move execution: SUCCESS
[SERVER MOVE] Kings: White at 52, Black at 4
[SERVER MOVE] Game over check: game_over=False, winner=0
[SERVER MOVE] Returning success!
[Leo Interface] Calculating visibility for white
[Leo Interface] Found 14 pieces at squares: [36, 46, 48, 49, 50, 52, 55, 56, 57, 58, 59, 61, 62, 63]
[Leo CLI] Visibility for white: 31/64 squares visible
[Leo Interface] Calculating visibility for black
[Leo Interface] Found 16 pieces at squares: [0, 1, 2, 3, 4, 6, 7, 8, 9, 10, 11, 12, 13, 15, 38, 51]
[Leo CLI] Visibility for black: 39/64 squares visible

============================================================
[SERVER MOVE] white attempting: 59 -> 51
[SERVER MOVE] Current turn: white
[SERVER MOVE] Piece at 59: 5
[SERVER MOVE] Piece is white
[SERVER MOVE] Calling Leo validation...
[SERVER MOVE] Leo validation passed! Executing move...
[Leo Interface] Checking en passant: 59 -> 51
[SERVER MOVE] Move execution: SUCCESS
[SERVER MOVE] Kings: White at 52, Black at 4
[SERVER MOVE] Game over check: game_over=False, winner=0
[SERVER MOVE] Returning success!
[Leo Interface] Calculating visibility for white
[Leo Interface] Found 14 pieces at squares: [36, 46, 48, 49, 50, 51, 52, 55, 56, 57, 58, 61, 62, 63]
[Leo CLI] Visibility for white: 39/64 squares visible
[Leo Interface] Calculating visibility for black
[Leo Interface] Found 15 pieces at squares: [0, 1, 2, 3, 4, 6, 7, 8, 9, 10, 11, 12, 13, 15, 38]
[Leo CLI] Visibility for black: 31/64 squares visible

============================================================
[SERVER MOVE] black attempting: 15 -> 23
[SERVER MOVE] Current turn: black
[SERVER MOVE] Piece at 15: 7
[SERVER MOVE] Piece is black
[SERVER MOVE] Calling Leo validation...
[SERVER MOVE] Leo validation passed! Executing move...
[Leo Interface] Checking en passant: 15 -> 23
[SERVER MOVE] Move execution: SUCCESS
[SERVER MOVE] Kings: White at 52, Black at 4
[SERVER MOVE] Game over check: game_over=False, winner=0
[SERVER MOVE] Returning success!
[Leo Interface] Calculating visibility for white
[Leo Interface] Found 14 pieces at squares: [36, 46, 48, 49, 50, 51, 52, 55, 56, 57, 58, 61, 62, 63]
[Leo CLI] Visibility for white: 39/64 squares visible
[Leo Interface] Calculating visibility for black
[Leo Interface] Found 15 pieces at squares: [0, 1, 2, 3, 4, 6, 7, 8, 9, 10, 11, 12, 13, 23, 38]
[Leo CLI] Visibility for black: 31/64 squares visible

============================================================
[SERVER MOVE] white attempting: 51 -> 11
[SERVER MOVE] Current turn: white
[SERVER MOVE] Piece at 51: 5
[SERVER MOVE] Piece is white
[SERVER MOVE] Calling Leo validation...
[SERVER MOVE] Leo validation passed! Executing move...
[Leo Interface] Checking en passant: 51 -> 11
[SERVER MOVE] Move execution: SUCCESS
[SERVER MOVE] Kings: White at 52, Black at 4
[SERVER MOVE] Game over check: game_over=False, winner=0
[SERVER MOVE] Returning success!
[Leo Interface] Calculating visibility for white
[Leo Interface] Found 14 pieces at squares: [11, 36, 46, 48, 49, 50, 52, 55, 56, 57, 58, 61, 62, 63]
[Leo CLI] Visibility for white: 47/64 squares visible
[Leo Interface] Calculating visibility for black
[Leo Interface] Found 14 pieces at squares: [0, 1, 2, 3, 4, 6, 7, 8, 9, 10, 12, 13, 23, 38]
[Leo CLI] Visibility for black: 29/64 squares visible

============================================================
[SERVER MOVE] black attempting: 10 -> 18
[SERVER MOVE] Current turn: black
[SERVER MOVE] Piece at 10: 7
[SERVER MOVE] Piece is black
[SERVER MOVE] Calling Leo validation...
[SERVER MOVE] Leo validation passed! Executing move...
[Leo Interface] Checking en passant: 10 -> 18
[SERVER MOVE] Move execution: SUCCESS
[SERVER MOVE] Kings: White at 52, Black at 4
[SERVER MOVE] Game over check: game_over=False, winner=0
[SERVER MOVE] Returning success!
[Leo Interface] Calculating visibility for white
[Leo Interface] Found 14 pieces at squares: [11, 36, 46, 48, 49, 50, 52, 55, 56, 57, 58, 61, 62, 63]
[Leo CLI] Visibility for white: 47/64 squares visible
[Leo Interface] Calculating visibility for black
[Leo Interface] Found 14 pieces at squares: [0, 1, 2, 3, 4, 6, 7, 8, 9, 12, 13, 18, 23, 38]
[Leo CLI] Visibility for black: 29/64 squares visible

============================================================
[SERVER MOVE] white attempting: 11 -> 4
[SERVER MOVE] Current turn: white
[SERVER MOVE] Piece at 11: 5
[SERVER MOVE] Piece is white
[SERVER MOVE] Calling Leo validation...
[SERVER MOVE] Leo validation passed! Executing move...
[Leo Interface] Checking en passant: 11 -> 4
[SERVER MOVE] Move execution: SUCCESS
[SERVER MOVE] Kings: White at 52, Black at -1
[SERVER MOVE] 👑 KING CAPTURED! Game over, winner=1
[SERVER MOVE] Game over check: game_over=True, winner=1
[SERVER MOVE] Calculating ELO...
[Leo CLI] Executing: leo run calculate_elo_updates 1200u32 1200u32 1u8
[Leo CLI] Output: ⚠️ No network specified, defaulting to 'testnet'.
⚠️ No endpoint specified, defaulting to 'https://api.explorer.provable.com/v1'.
       Leo     1820 statements before dead code elimination.
       Le...
[SERVER MOVE] ELO updated: white 1200->1216, black 1200->1184
[SERVER MOVE] Returning success! (GAME OVER)
[Leo Interface] Calculating visibility for white
[Leo Interface] Found 14 pieces at squares: [4, 36, 46, 48, 49, 50, 52, 55, 56, 57, 58, 61, 62, 63]
[Leo CLI] Visibility for white: 42/64 squares visible
[Leo Interface] Calculating visibility for black
[Leo Interface] Found 13 pieces at squares: [0, 1, 2, 3, 6, 7, 8, 9, 12, 13, 18, 23, 38]
[Leo CLI] Visibility for black: 34/64 squares visible
[Server] Client disconnected: -ycNeJtZBcUK5h0lAAAF
127.0.0.1 - - [05/Nov/2025 18:11:55] "GET /socket.io/?EIO=4&transport=websocket&sid=hqq2v343QD6uco6bAAAE HTTP/1.1" 200 -
127.0.0.1 - - [05/Nov/2025 18:11:55] "GET / HTTP/1.1" 200 -
127.0.0.1 - - [05/Nov/2025 18:11:55] "GET /static/css/style.css HTTP/1.1" 200 -
127.0.0.1 - - [05/Nov/2025 18:11:55] "GET /static/js/board-themes.js HTTP/1.1" 200 -
127.0.0.1 - - [05/Nov/2025 18:11:55] "GET /static/js/chess-pieces.js HTTP/1.1" 200 -
127.0.0.1 - - [05/Nov/2025 18:11:55] "GET /static/js/game.js HTTP/1.1" 200 -
127.0.0.1 - - [05/Nov/2025 18:11:55] "GET /socket.io/?EIO=4&transport=polling&t=PfMk641 HTTP/1.1" 200 -
127.0.0.1 - - [05/Nov/2025 18:11:55] "[33mGET /favicon.ico HTTP/1.1[0m" 404 -
[Server] Client connected: JIdo_lTmRxI-ZCRQAAAJ
127.0.0.1 - - [05/Nov/2025 18:11:55] "POST /socket.io/?EIO=4&transport=polling&t=PfMk647&sid=l5LoOWDvV5q7GxxVAAAI HTTP/1.1" 200 -
127.0.0.1 - - [05/Nov/2025 18:11:55] "GET /socket.io/?EIO=4&transport=polling&t=PfMk648&sid=l5LoOWDvV5q7GxxVAAAI HTTP/1.1" 200 -
127.0.0.1 - - [05/Nov/2025 18:11:55] "GET /socket.io/?EIO=4&transport=polling&t=PfMk64G&sid=l5LoOWDvV5q7GxxVAAAI HTTP/1.1" 200 -
[Server] Player registered: 1 (JIdo_lTmRxI-ZCRQAAAJ)
[Server] Player waiting for match: 1
[Server] Client disconnected: Tej2cGvS-4CCKlt_AAAH
127.0.0.1 - - [05/Nov/2025 18:12:04] "GET /socket.io/?EIO=4&transport=websocket&sid=CApI5rfnMCC5bCwrAAAG HTTP/1.1" 200 -
127.0.0.1 - - [05/Nov/2025 18:12:04] "GET / HTTP/1.1" 200 -
127.0.0.1 - - [05/Nov/2025 18:12:04] "GET /static/css/style.css HTTP/1.1" 200 -
127.0.0.1 - - [05/Nov/2025 18:12:04] "GET /static/js/board-themes.js HTTP/1.1" 200 -
127.0.0.1 - - [05/Nov/2025 18:12:04] "GET /static/js/chess-pieces.js HTTP/1.1" 200 -
127.0.0.1 - - [05/Nov/2025 18:12:04] "GET /static/js/game.js HTTP/1.1" 200 -
127.0.0.1 - - [05/Nov/2025 18:12:04] "GET /socket.io/?EIO=4&transport=polling&t=PfMk8Kg HTTP/1.1" 200 -
127.0.0.1 - - [05/Nov/2025 18:12:04] "[33mGET /favicon.ico HTTP/1.1[0m" 404 -
[Server] Client connected: ebQZqpQSoqouJ-oSAAAL
127.0.0.1 - - [05/Nov/2025 18:12:04] "POST /socket.io/?EIO=4&transport=polling&t=PfMk8Kj&sid=XIdqU9_ked5mMKzNAAAK HTTP/1.1" 200 -
127.0.0.1 - - [05/Nov/2025 18:12:04] "GET /socket.io/?EIO=4&transport=polling&t=PfMk8Kk&sid=XIdqU9_ked5mMKzNAAAK HTTP/1.1" 200 -
127.0.0.1 - - [05/Nov/2025 18:12:04] "GET /socket.io/?EIO=4&transport=polling&t=PfMk8Kq&sid=XIdqU9_ked5mMKzNAAAK HTTP/1.1" 200 -
[Server] Player registered: 2 (ebQZqpQSoqouJ-oSAAAL)
[Leo CLI] Leo version: leo 3.3.1
[Server] Game started: 86372e3748c55eca - 2 (white) vs 1 (black)
[Leo Interface] Calculating visibility for white
[Leo Interface] Found 16 pieces at squares: [48, 49, 50, 51, 52, 53, 54, 55, 56, 57, 58, 59, 60, 61, 62, 63]
[Leo CLI] Visibility for white: 32/64 squares visible
[Leo Interface] Calculating visibility for black
[Leo Interface] Found 16 pieces at squares: [0, 1, 2, 3, 4, 5, 6, 7, 8, 9, 10, 11, 12, 13, 14, 15]
[Leo CLI] Visibility for black: 32/64 squares visible

============================================================
[SERVER MOVE] white attempting: 53 -> 37
[SERVER MOVE] Current turn: white
[SERVER MOVE] Piece at 53: 1
[SERVER MOVE] Piece is white
[SERVER MOVE] Calling Leo validation...
[SERVER MOVE] Leo validation passed! Executing move...
[Leo Interface] Checking en passant: 53 -> 37
[SERVER MOVE] Move execution: SUCCESS
[SERVER MOVE] Kings: White at 60, Black at 4
[SERVER MOVE] Game over check: game_over=False, winner=0
[SERVER MOVE] Returning success!
[Leo Interface] Calculating visibility for white
[Leo Interface] Found 16 pieces at squares: [37, 48, 49, 50, 51, 52, 54, 55, 56, 57, 58, 59, 60, 61, 62, 63]
[Leo CLI] Visibility for white: 33/64 squares visible
[Leo Interface] Calculating visibility for black
[Leo Interface] Found 16 pieces at squares: [0, 1, 2, 3, 4, 5, 6, 7, 8, 9, 10, 11, 12, 13, 14, 15]
[Leo CLI] Visibility for black: 32/64 squares visible

============================================================
[SERVER MOVE] black attempting: 10 -> 26
[SERVER MOVE] Current turn: black
[SERVER MOVE] Piece at 10: 7
[SERVER MOVE] Piece is black
[SERVER MOVE] Calling Leo validation...
[SERVER MOVE] Leo validation passed! Executing move...
[Leo Interface] Checking en passant: 10 -> 26
[SERVER MOVE] Move execution: SUCCESS
[SERVER MOVE] Kings: White at 60, Black at 4
[SERVER MOVE] Game over check: game_over=False, winner=0
[SERVER MOVE] Returning success!
[Leo Interface] Calculating visibility for white
[Leo Interface] Found 16 pieces at squares: [37, 48, 49, 50, 51, 52, 54, 55, 56, 57, 58, 59, 60, 61, 62, 63]
[Leo CLI] Visibility for white: 33/64 squares visible
[Leo Interface] Calculating visibility for black
[Leo Interface] Found 16 pieces at squares: [0, 1, 2, 3, 4, 5, 6, 7, 8, 9, 11, 12, 13, 14, 15, 26]
[Leo CLI] Visibility for black: 33/64 squares visible

============================================================
[SERVER MOVE] white attempting: 52 -> 44
[SERVER MOVE] Current turn: white
[SERVER MOVE] Piece at 52: 1
[SERVER MOVE] Piece is white
[SERVER MOVE] Calling Leo validation...
[SERVER MOVE] Leo validation passed! Executing move...
[Leo Interface] Checking en passant: 52 -> 44
[SERVER MOVE] Move execution: SUCCESS
[SERVER MOVE] Kings: White at 60, Black at 4
[SERVER MOVE] Game over check: game_over=False, winner=0
[SERVER MOVE] Returning success!
[Leo Interface] Calculating visibility for white
[Leo Interface] Found 16 pieces at squares: [37, 44, 48, 49, 50, 51, 54, 55, 56, 57, 58, 59, 60, 61, 62, 63]
[Leo CLI] Visibility for white: 36/64 squares visible
[Leo Interface] Calculating visibility for black
[Leo Interface] Found 16 pieces at squares: [0, 1, 2, 3, 4, 5, 6, 7, 8, 9, 11, 12, 13, 14, 15, 26]
[Leo CLI] Visibility for black: 33/64 squares visible

============================================================
[SERVER MOVE] black attempting: 3 -> 24
[SERVER MOVE] Current turn: black
[SERVER MOVE] Piece at 3: 11
[SERVER MOVE] Piece is black
[SERVER MOVE] Calling Leo validation...
[SERVER MOVE] Leo validation passed! Executing move...
[Leo Interface] Checking en passant: 3 -> 24
[SERVER MOVE] Move execution: SUCCESS
[SERVER MOVE] Kings: White at 60, Black at 4
[SERVER MOVE] Game over check: game_over=False, winner=0
[SERVER MOVE] Returning success!
[Leo Interface] Calculating visibility for white
[Leo Interface] Found 16 pieces at squares: [37, 44, 48, 49, 50, 51, 54, 55, 56, 57, 58, 59, 60, 61, 62, 63]
[Leo CLI] Visibility for white: 36/64 squares visible
[Leo Interface] Calculating visibility for black
[Leo Interface] Found 16 pieces at squares: [0, 1, 2, 4, 5, 6, 7, 8, 9, 11, 12, 13, 14, 15, 24, 26]
[Leo CLI] Visibility for black: 39/64 squares visible

============================================================
[SERVER MOVE] white attempting: 54 -> 46
[SERVER MOVE] Current turn: white
[SERVER MOVE] Piece at 54: 1
[SERVER MOVE] Piece is white
[SERVER MOVE] Calling Leo validation...
[SERVER MOVE] Leo validation passed! Executing move...
[Leo Interface] Checking en passant: 54 -> 46
[SERVER MOVE] Move execution: SUCCESS
[SERVER MOVE] Kings: White at 60, Black at 4
[SERVER MOVE] Game over check: game_over=False, winner=0
[SERVER MOVE] Returning success!
[Leo Interface] Calculating visibility for white
[Leo Interface] Found 16 pieces at squares: [37, 44, 46, 48, 49, 50, 51, 55, 56, 57, 58, 59, 60, 61, 62, 63]
[Leo CLI] Visibility for white: 36/64 squares visible
[Leo Interface] Calculating visibility for black
[Leo Interface] Found 16 pieces at squares: [0, 1, 2, 4, 5, 6, 7, 8, 9, 11, 12, 13, 14, 15, 24, 26]
[Leo CLI] Visibility for black: 39/64 squares visible

============================================================
[SERVER MOVE] black attempting: 24 -> 51
[SERVER MOVE] Current turn: black
[SERVER MOVE] Piece at 24: 11
[SERVER MOVE] Piece is black
[SERVER MOVE] Calling Leo validation...
[SERVER MOVE] Leo validation passed! Executing move...
[Leo Interface] Checking en passant: 24 -> 51
[SERVER MOVE] Move execution: SUCCESS
[SERVER MOVE] Kings: White at 60, Black at 4
[SERVER MOVE] Game over check: game_over=False, winner=0
[SERVER MOVE] Returning success!
[Leo Interface] Calculating visibility for white
[Leo Interface] Found 15 pieces at squares: [37, 44, 46, 48, 49, 50, 55, 56, 57, 58, 59, 60, 61, 62, 63]
[Leo CLI] Visibility for white: 35/64 squares visible
[Leo Interface] Calculating visibility for black
[Leo Interface] Found 16 pieces at squares: [0, 1, 2, 4, 5, 6, 7, 8, 9, 11, 12, 13, 14, 15, 26, 51]
[Leo CLI] Visibility for black: 46/64 squares visible

============================================================
[SERVER MOVE] white attempting: 37 -> 29
[SERVER MOVE] Current turn: white
[SERVER MOVE] Piece at 37: 1
[SERVER MOVE] Piece is white
[SERVER MOVE] Calling Leo validation...
[SERVER MOVE] Leo validation passed! Executing move...
[Leo Interface] Checking en passant: 37 -> 29
[SERVER MOVE] Move execution: SUCCESS
[SERVER MOVE] Kings: White at 60, Black at 4
[SERVER MOVE] Game over check: game_over=False, winner=0
[SERVER MOVE] Returning success!
[Leo Interface] Calculating visibility for white
[Leo Interface] Found 15 pieces at squares: [29, 44, 46, 48, 49, 50, 55, 56, 57, 58, 59, 60, 61, 62, 63]
[Leo CLI] Visibility for white: 35/64 squares visible
[Leo Interface] Calculating visibility for black
[Leo Interface] Found 16 pieces at squares: [0, 1, 2, 4, 5, 6, 7, 8, 9, 11, 12, 13, 14, 15, 26, 51]
[Leo CLI] Visibility for black: 46/64 squares visible

============================================================
[SERVER MOVE] black attempting: 51 -> 60
[SERVER MOVE] Current turn: black
[SERVER MOVE] Piece at 51: 11
[SERVER MOVE] Piece is black
[SERVER MOVE] Calling Leo validation...
[SERVER MOVE] Leo validation passed! Executing move...
[Leo Interface] Checking en passant: 51 -> 60
[SERVER MOVE] Move execution: SUCCESS
[SERVER MOVE] Kings: White at -1, Black at 4
[SERVER MOVE] 👑 KING CAPTURED! Game over, winner=2
[SERVER MOVE] Game over check: game_over=True, winner=2
[SERVER MOVE] Calculating ELO...
[Leo CLI] Executing: leo run calculate_elo_updates 1200u32 1200u32 2u8
[Leo CLI] Output: ⚠️ No network specified, defaulting to 'testnet'.
⚠️ No endpoint specified, defaulting to 'https://api.explorer.provable.com/v1'.
       Leo     1820 statements before dead code elimination.
       Le...
[SERVER MOVE] ELO updated: white 1200->1184, black 1200->1216
[SERVER MOVE] Returning success! (GAME OVER)
[Leo Interface] Calculating visibility for white
[Leo Interface] Found 14 pieces at squares: [29, 44, 46, 48, 49, 50, 55, 56, 57, 58, 59, 61, 62, 63]
[Leo CLI] Visibility for white: 38/64 squares visible
[Leo Interface] Calculating visibility for black
[Leo Interface] Found 16 pieces at squares: [0, 1, 2, 4, 5, 6, 7, 8, 9, 11, 12, 13, 14, 15, 26, 60]
[Leo CLI] Visibility for black: 42/64 squares visible
[Server] Client disconnected: ebQZqpQSoqouJ-oSAAAL[Server] Client disconnected: JIdo_lTmRxI-ZCRQAAAJ
127.0.0.1 - - [05/Nov/2025 18:29:47] "GET /socket.io/?EIO=4&transport=websocket&sid=XIdqU9_ked5mMKzNAAAK HTTP/1.1" 200 -

127.0.0.1 - - [05/Nov/2025 18:29:47] "GET /socket.io/?EIO=4&transport=websocket&sid=l5LoOWDvV5q7GxxVAAAI HTTP/1.1" 200 -
127.0.0.1 - - [05/Nov/2025 18:29:48] "GET /socket.io/?EIO=4&transport=polling&t=PfMoC5X HTTP/1.1" 200 -
127.0.0.1 - - [05/Nov/2025 18:29:48] "GET /socket.io/?EIO=4&transport=polling&t=PfMoC5X HTTP/1.1" 200 -
[Server] Client connected: VHcPjjLaIWDmFMOdAAAO
127.0.0.1 - - [05/Nov/2025 18:29:48] "POST /socket.io/?EIO=4&transport=polling&t=PfMoC5g&sid=oNMlvSqUJjz5G4GbAAAM HTTP/1.1" 200 -
127.0.0.1 - - [05/Nov/2025 18:29:48] "GET /socket.io/?EIO=4&transport=polling&t=PfMoC5h&sid=oNMlvSqUJjz5G4GbAAAM HTTP/1.1" 200 -
[Server] Client connected: MjCIzUS2pJTBh0bDAAAP
127.0.0.1 - - [05/Nov/2025 18:29:48] "POST /socket.io/?EIO=4&transport=polling&t=PfMoC5l&sid=lc7G81-Laiwg2qhqAAAN HTTP/1.1" 200 -
127.0.0.1 - - [05/Nov/2025 18:29:48] "GET /socket.io/?EIO=4&transport=polling&t=PfMoC5m&sid=lc7G81-Laiwg2qhqAAAN HTTP/1.1" 200 -
127.0.0.1 - - [05/Nov/2025 18:29:48] "GET /socket.io/?EIO=4&transport=polling&t=PfMoC5p&sid=lc7G81-Laiwg2qhqAAAN HTTP/1.1" 200 -
[Server] Client disconnected: VHcPjjLaIWDmFMOdAAAO
127.0.0.1 - - [05/Nov/2025 19:47:09] "GET /socket.io/?EIO=4&transport=websocket&sid=oNMlvSqUJjz5G4GbAAAM HTTP/1.1" 200 -
[Server] Client disconnected: MjCIzUS2pJTBh0bDAAAP
127.0.0.1 - - [05/Nov/2025 19:47:09] "GET /socket.io/?EIO=4&transport=websocket&sid=lc7G81-Laiwg2qhqAAAN HTTP/1.1" 200 -
 * Detected change in '/Users/emmaprice/code/knightfall/leo_cli_interface.py', reloading
 * Restarting with stat
[Leo CLI] Leo version: leo 3.3.1
============================================================
🏰 Knightfall Chess Server Starting... [DEBUG MODE]
============================================================
Server running on http://localhost:5000
Open in browser to play!
DEBUG: Enhanced logging enabled for move validation
============================================================
Werkzeug appears to be used in a production deployment. Consider switching to a production web server instead.
 * Debugger is active!
 * Debugger PIN: 231-554-204
/opt/homebrew/Cellar/python@3.14/3.14.0_1/Frameworks/Python.framework/Versions/3.14/lib/python3.14/multiprocessing/resource_tracker.py:297: UserWarning: resource_tracker: There appear to be 1 leaked semaphore objects to clean up at shutdown: {'/mp-73yzgskn'}
  warnings.warn(
